  Compiling CUDA source file kernel.cu...
  
  C:\Users\Droo.000\Source\Repos\Mandelbrot CUDA>"C:\Program Files\NVIDIA GPU Computing Toolkit\CUDA\v10.2\bin\nvcc.exe" -gencode=arch=compute_30,code=\"sm_30,compute_30\" --use-local-env -ccbin "C:\Program Files (x86)\Microsoft Visual Studio\2017\Community\VC\Tools\MSVC\14.16.27023\bin\HostX86\x64" -x cu  -I"C:\SFML-2.5.1-2017\include" -I"C:\Program Files\NVIDIA GPU Computing Toolkit\CUDA\v10.2\include" -I"C:\Program Files\NVIDIA GPU Computing Toolkit\CUDA\v10.2\include"  -G   --keep-dir x64\Debug -maxrregcount=0  --machine 64 --compile -cudart static  -g   -DSFML_DYNAMIC -DWIN32 -DWIN64 -D_DEBUG -D_CONSOLE -D_MBCS -Xcompiler "/EHsc /W3 /nologo /Od /Fdx64\Debug\vc141.pdb /FS /Zi /RTC1 /MDd " -o x64\Debug\kernel.cu.obj "C:\Users\Droo.000\Source\Repos\Mandelbrot CUDA\kernel.cu" 
C:\Program Files (x86)\Windows Kits\10\Include\10.0.10240.0\ucrt\malloc.h(160): warning : expression has no effect
  
C:\SFML-2.5.1-2017\include\SFML/System/String.hpp(527): warning : field of class type without a DLL interface used in a class with a DLL interface
  
C:\SFML-2.5.1-2017\include\SFML/Window/Window.hpp(549): warning : field of class type without a DLL interface used in a class with a DLL interface
  
C:\SFML-2.5.1-2017\include\SFML/Graphics/Transformable.hpp(319): warning : field of class type without a DLL interface used in a class with a DLL interface
  
C:\SFML-2.5.1-2017\include\SFML/Graphics/Transformable.hpp(320): warning : field of class type without a DLL interface used in a class with a DLL interface
  
C:\SFML-2.5.1-2017\include\SFML/Graphics/Transformable.hpp(322): warning : field of class type without a DLL interface used in a class with a DLL interface
  
C:\SFML-2.5.1-2017\include\SFML/Graphics/Vertex.hpp(97): warning : field of class type without a DLL interface used in a class with a DLL interface
  
C:\SFML-2.5.1-2017\include\SFML/Graphics/Vertex.hpp(99): warning : field of class type without a DLL interface used in a class with a DLL interface
  
C:\SFML-2.5.1-2017\include\SFML/Graphics/VertexArray.hpp(190): warning : field of class type without a DLL interface used in a class with a DLL interface
  
C:\SFML-2.5.1-2017\include\SFML/Graphics/Shape.hpp(309): warning : field of class type without a DLL interface used in a class with a DLL interface
  
C:\SFML-2.5.1-2017\include\SFML/Graphics/Shape.hpp(315): warning : field of class type without a DLL interface used in a class with a DLL interface
  
C:\SFML-2.5.1-2017\include\SFML/Graphics/Shape.hpp(316): warning : field of class type without a DLL interface used in a class with a DLL interface
  
C:\SFML-2.5.1-2017\include\SFML/Graphics/ConvexShape.hpp(115): warning : field of class type without a DLL interface used in a class with a DLL interface
  
C:\SFML-2.5.1-2017\include\SFML/Graphics/Glyph.hpp(55): warning : field of class type without a DLL interface used in a class with a DLL interface
  
C:\SFML-2.5.1-2017\include\SFML/Graphics/Glyph.hpp(56): warning : field of class type without a DLL interface used in a class with a DLL interface
  
C:\SFML-2.5.1-2017\include\SFML/Graphics/Image.hpp(266): warning : field of class type without a DLL interface used in a class with a DLL interface
  
C:\SFML-2.5.1-2017\include\SFML/Graphics/Image.hpp(267): warning : field of class type without a DLL interface used in a class with a DLL interface
  
C:\SFML-2.5.1-2017\include\SFML/Graphics/Texture.hpp(619): warning : field of class type without a DLL interface used in a class with a DLL interface
  
C:\SFML-2.5.1-2017\include\SFML/Graphics/Texture.hpp(620): warning : field of class type without a DLL interface used in a class with a DLL interface
  
C:\SFML-2.5.1-2017\include\SFML/Graphics/Font.hpp(354): warning : field of class type without a DLL interface used in a class with a DLL interface
  
C:\SFML-2.5.1-2017\include\SFML/Graphics/Font.hpp(355): warning : field of class type without a DLL interface used in a class with a DLL interface
  
C:\SFML-2.5.1-2017\include\SFML/Graphics/Font.hpp(356): warning : field of class type without a DLL interface used in a class with a DLL interface
  
C:\SFML-2.5.1-2017\include\SFML/Graphics/RectangleShape.hpp(102): warning : field of class type without a DLL interface used in a class with a DLL interface
  
C:\SFML-2.5.1-2017\include\SFML/Graphics/View.hpp(272): warning : field of class type without a DLL interface used in a class with a DLL interface
  
C:\SFML-2.5.1-2017\include\SFML/Graphics/View.hpp(273): warning : field of class type without a DLL interface used in a class with a DLL interface
  
C:\SFML-2.5.1-2017\include\SFML/Graphics/View.hpp(275): warning : field of class type without a DLL interface used in a class with a DLL interface
  
C:\SFML-2.5.1-2017\include\SFML/Graphics/RenderTarget.hpp(476): warning : field of class type without a DLL interface used in a class with a DLL interface
  
C:\SFML-2.5.1-2017\include\SFML/Graphics/Shader.hpp(750): warning : field of class type without a DLL interface used in a class with a DLL interface
  
C:\SFML-2.5.1-2017\include\SFML/Graphics/Shader.hpp(751): warning : field of class type without a DLL interface used in a class with a DLL interface
  
C:\SFML-2.5.1-2017\include\SFML/Graphics/Sprite.hpp(220): warning : field of class type without a DLL interface used in a class with a DLL interface
  
C:\SFML-2.5.1-2017\include\SFML/Graphics/Text.hpp(449): warning : field of class type without a DLL interface used in a class with a DLL interface
  
C:/Users/Droo.000/Source/Repos/Mandelbrot CUDA/kernel.cu(68): warning : 'long double' is treated as 'double' in device code
  
C:/Users/Droo.000/Source/Repos/Mandelbrot CUDA/kernel.cu(69): warning : 'long double' is treated as 'double' in device code
  
C:/Users/Droo.000/Source/Repos/Mandelbrot CUDA/kernel.cu(73): warning : 'long double' is treated as 'double' in device code
  
C:/Users/Droo.000/Source/Repos/Mandelbrot CUDA/kernel.cu(74): warning : 'long double' is treated as 'double' in device code
  
C:/Users/Droo.000/Source/Repos/Mandelbrot CUDA/kernel.cu(75): warning : 'long double' is treated as 'double' in device code
  
C:/Users/Droo.000/Source/Repos/Mandelbrot CUDA/kernel.cu(76): warning : 'long double' is treated as 'double' in device code
  
C:/Users/Droo.000/Source/Repos/Mandelbrot CUDA/kernel.cu(79): warning : 'long double' is treated as 'double' in device code
  
C:/Users/Droo.000/Source/Repos/Mandelbrot CUDA/kernel.cu(80): warning : 'long double' is treated as 'double' in device code
  
C:/Users/Droo.000/Source/Repos/Mandelbrot CUDA/kernel.cu(215): warning : transfer of control bypasses initialization of:
              variable "size"
  (220): here
              variable "blocksPerGrid"
  (252): here
              variable "threadsPerBlock"
  (253): here
  
C:/Users/Droo.000/Source/Repos/Mandelbrot CUDA/kernel.cu(224): warning : transfer of control bypasses initialization of:
              variable "blocksPerGrid"
  (252): here
              variable "threadsPerBlock"
  (253): here
  
C:/Users/Droo.000/Source/Repos/Mandelbrot CUDA/kernel.cu(231): warning : transfer of control bypasses initialization of:
              variable "blocksPerGrid"
  (252): here
              variable "threadsPerBlock"
  (253): here
  
C:/Users/Droo.000/Source/Repos/Mandelbrot CUDA/kernel.cu(319): warning : variable "x_interval" was declared but never referenced
  
C:/Users/Droo.000/Source/Repos/Mandelbrot CUDA/kernel.cu(320): warning : variable "y_interval" was declared but never referenced
  
C:/Users/Droo.000/Source/Repos/Mandelbrot CUDA/kernel.cu(73): warning : 'long double' is treated as 'double' in device code
  
C:/Users/Droo.000/Source/Repos/Mandelbrot CUDA/kernel.cu(74): warning : 'long double' is treated as 'double' in device code
  
CUDACOMPILE : warning : 'long double' is treated as 'double' in device code
  
CUDACOMPILE : warning : 'long double' is treated as 'double' in device code
  
C:\Program Files (x86)\Windows Kits\10\Include\10.0.10240.0\ucrt\malloc.h(160): warning : expression has no effect
  
C:\SFML-2.5.1-2017\include\SFML/System/String.hpp(527): warning : field of class type without a DLL interface used in a class with a DLL interface
  
C:\SFML-2.5.1-2017\include\SFML/Window/Window.hpp(549): warning : field of class type without a DLL interface used in a class with a DLL interface
  
C:\SFML-2.5.1-2017\include\SFML/Graphics/Transformable.hpp(319): warning : field of class type without a DLL interface used in a class with a DLL interface
  
C:\SFML-2.5.1-2017\include\SFML/Graphics/Transformable.hpp(320): warning : field of class type without a DLL interface used in a class with a DLL interface
  
C:\SFML-2.5.1-2017\include\SFML/Graphics/Transformable.hpp(322): warning : field of class type without a DLL interface used in a class with a DLL interface
  
C:\SFML-2.5.1-2017\include\SFML/Graphics/Vertex.hpp(97): warning : field of class type without a DLL interface used in a class with a DLL interface
  
C:\SFML-2.5.1-2017\include\SFML/Graphics/Vertex.hpp(99): warning : field of class type without a DLL interface used in a class with a DLL interface
  
C:\SFML-2.5.1-2017\include\SFML/Graphics/VertexArray.hpp(190): warning : field of class type without a DLL interface used in a class with a DLL interface
  
C:\SFML-2.5.1-2017\include\SFML/Graphics/Shape.hpp(309): warning : field of class type without a DLL interface used in a class with a DLL interface
  
C:\SFML-2.5.1-2017\include\SFML/Graphics/Shape.hpp(315): warning : field of class type without a DLL interface used in a class with a DLL interface
  
C:\SFML-2.5.1-2017\include\SFML/Graphics/Shape.hpp(316): warning : field of class type without a DLL interface used in a class with a DLL interface
  
C:\SFML-2.5.1-2017\include\SFML/Graphics/ConvexShape.hpp(115): warning : field of class type without a DLL interface used in a class with a DLL interface
  
C:\SFML-2.5.1-2017\include\SFML/Graphics/Glyph.hpp(55): warning : field of class type without a DLL interface used in a class with a DLL interface
  
C:\SFML-2.5.1-2017\include\SFML/Graphics/Glyph.hpp(56): warning : field of class type without a DLL interface used in a class with a DLL interface
  
C:\SFML-2.5.1-2017\include\SFML/Graphics/Image.hpp(266): warning : field of class type without a DLL interface used in a class with a DLL interface
  
C:\SFML-2.5.1-2017\include\SFML/Graphics/Image.hpp(267): warning : field of class type without a DLL interface used in a class with a DLL interface
  
C:\SFML-2.5.1-2017\include\SFML/Graphics/Texture.hpp(619): warning : field of class type without a DLL interface used in a class with a DLL interface
  
C:\SFML-2.5.1-2017\include\SFML/Graphics/Texture.hpp(620): warning : field of class type without a DLL interface used in a class with a DLL interface
  
C:\SFML-2.5.1-2017\include\SFML/Graphics/Font.hpp(354): warning : field of class type without a DLL interface used in a class with a DLL interface
  
C:\SFML-2.5.1-2017\include\SFML/Graphics/Font.hpp(355): warning : field of class type without a DLL interface used in a class with a DLL interface
  
C:\SFML-2.5.1-2017\include\SFML/Graphics/Font.hpp(356): warning : field of class type without a DLL interface used in a class with a DLL interface
  
C:\SFML-2.5.1-2017\include\SFML/Graphics/RectangleShape.hpp(102): warning : field of class type without a DLL interface used in a class with a DLL interface
  
C:\SFML-2.5.1-2017\include\SFML/Graphics/View.hpp(272): warning : field of class type without a DLL interface used in a class with a DLL interface
  
C:\SFML-2.5.1-2017\include\SFML/Graphics/View.hpp(273): warning : field of class type without a DLL interface used in a class with a DLL interface
  
C:\SFML-2.5.1-2017\include\SFML/Graphics/View.hpp(275): warning : field of class type without a DLL interface used in a class with a DLL interface
  
C:\SFML-2.5.1-2017\include\SFML/Graphics/RenderTarget.hpp(476): warning : field of class type without a DLL interface used in a class with a DLL interface
  
C:\SFML-2.5.1-2017\include\SFML/Graphics/Shader.hpp(750): warning : field of class type without a DLL interface used in a class with a DLL interface
  
C:\SFML-2.5.1-2017\include\SFML/Graphics/Shader.hpp(751): warning : field of class type without a DLL interface used in a class with a DLL interface
  
C:\SFML-2.5.1-2017\include\SFML/Graphics/Sprite.hpp(220): warning : field of class type without a DLL interface used in a class with a DLL interface
  
C:\SFML-2.5.1-2017\include\SFML/Graphics/Text.hpp(449): warning : field of class type without a DLL interface used in a class with a DLL interface
  
C:/Users/Droo.000/Source/Repos/Mandelbrot CUDA/kernel.cu(215): warning : transfer of control bypasses initialization of:
              variable "size"
  (220): here
              variable "blocksPerGrid"
  (252): here
              variable "threadsPerBlock"
  (253): here
  
C:/Users/Droo.000/Source/Repos/Mandelbrot CUDA/kernel.cu(224): warning : transfer of control bypasses initialization of:
              variable "blocksPerGrid"
  (252): here
              variable "threadsPerBlock"
  (253): here
  
C:/Users/Droo.000/Source/Repos/Mandelbrot CUDA/kernel.cu(231): warning : transfer of control bypasses initialization of:
              variable "blocksPerGrid"
  (252): here
              variable "threadsPerBlock"
  (253): here
  
  kernel.cu
C:/Users/Droo.000/Source/Repos/Mandelbrot CUDA/kernel.cu(158): warning C4244: 'initializing': conversion from 'int' to 'float', possible loss of data
C:/Users/Droo.000/Source/Repos/Mandelbrot CUDA/kernel.cu(163): warning C4244: 'initializing': conversion from 'double' to 'float', possible loss of data
C:/Users/Droo.000/Source/Repos/Mandelbrot CUDA/kernel.cu(188): warning C4244: '=': conversion from 'float' to 'uint8_t', possible loss of data
C:/Users/Droo.000/Source/Repos/Mandelbrot CUDA/kernel.cu(189): warning C4244: '=': conversion from 'float' to 'uint8_t', possible loss of data
C:/Users/Droo.000/Source/Repos/Mandelbrot CUDA/kernel.cu(190): warning C4244: '=': conversion from 'float' to 'uint8_t', possible loss of data
C:/Users/Droo.000/Source/Repos/Mandelbrot CUDA/kernel.cu(285): warning C4533: initialization of 'threadsPerBlock' is skipped by 'goto Error'
  C:/Users/Droo.000/Source/Repos/Mandelbrot CUDA/kernel.cu(253): note: see declaration of 'threadsPerBlock'
  C:/Users/Droo.000/Source/Repos/Mandelbrot CUDA/kernel.cu(285): note: see declaration of 'Error'
C:/Users/Droo.000/Source/Repos/Mandelbrot CUDA/kernel.cu(285): warning C4533: initialization of 'blocksPerGrid' is skipped by 'goto Error'
  C:/Users/Droo.000/Source/Repos/Mandelbrot CUDA/kernel.cu(252): note: see declaration of 'blocksPerGrid'
  C:/Users/Droo.000/Source/Repos/Mandelbrot CUDA/kernel.cu(285): note: see declaration of 'Error'
  Mandelbrot CUDA.vcxproj -> C:\Users\Droo.000\Source\Repos\Mandelbrot CUDA\x64\Debug\Mandelbrot CUDA.exe
